This is pdfTeX, Version 3.141592653-2.6-1.40.24 (TeX Live 2022) (preloaded format=pdflatex 2022.9.12)  13 SEP 2022 08:55
entering extended mode
 restricted \write18 enabled.
 %&-line parsing enabled.
**01-Complete-script.tex
(./01-Complete-script.tex
LaTeX2e <2022-06-01> patch level 5
L3 programming layer <2022-08-30> (c:/Users/Guillermo/AppData/Roaming/TinyTeX/texmf-dist/tex/latex/base/article.cls
Document Class: article 2021/10/04 v1.4n Standard LaTeX document class
(c:/Users/Guillermo/AppData/Roaming/TinyTeX/texmf-dist/tex/latex/base/size10.clo
File: size10.clo 2021/10/04 v1.4n Standard LaTeX file (size option)
)
\c@part=\count185
\c@section=\count186
\c@subsection=\count187
\c@subsubsection=\count188
\c@paragraph=\count189
\c@subparagraph=\count190
\c@figure=\count191
\c@table=\count192
\abovecaptionskip=\skip47
\belowcaptionskip=\skip48
\bibindent=\dimen138
) (c:/Users/Guillermo/AppData/Roaming/TinyTeX/texmf-dist/tex/latex/amsmath/amsmath.sty
Package: amsmath 2022/04/08 v2.17n AMS math features
\@mathmargin=\skip49
For additional information on amsmath, use the `?' option.
(c:/Users/Guillermo/AppData/Roaming/TinyTeX/texmf-dist/tex/latex/amsmath/amstext.sty
Package: amstext 2021/08/26 v2.01 AMS text
(c:/Users/Guillermo/AppData/Roaming/TinyTeX/texmf-dist/tex/latex/amsmath/amsgen.sty
File: amsgen.sty 1999/11/30 v2.0 generic functions
\@emptytoks=\toks16
\ex@=\dimen139
)) (c:/Users/Guillermo/AppData/Roaming/TinyTeX/texmf-dist/tex/latex/amsmath/amsbsy.sty
Package: amsbsy 1999/11/29 v1.2d Bold Symbols
\pmbraise@=\dimen140
) (c:/Users/Guillermo/AppData/Roaming/TinyTeX/texmf-dist/tex/latex/amsmath/amsopn.sty
Package: amsopn 2022/04/08 v2.04 operator names
)
\inf@bad=\count193
LaTeX Info: Redefining \frac on input line 234.
\uproot@=\count194
\leftroot@=\count195
LaTeX Info: Redefining \overline on input line 399.
LaTeX Info: Redefining \colon on input line 410.
\classnum@=\count196
\DOTSCASE@=\count197
LaTeX Info: Redefining \ldots on input line 496.
LaTeX Info: Redefining \dots on input line 499.
LaTeX Info: Redefining \cdots on input line 620.
\Mathstrutbox@=\box51
\strutbox@=\box52
LaTeX Info: Redefining \big on input line 722.
LaTeX Info: Redefining \Big on input line 723.
LaTeX Info: Redefining \bigg on input line 724.
LaTeX Info: Redefining \Bigg on input line 725.
\big@size=\dimen141
LaTeX Font Info:    Redeclaring font encoding OML on input line 743.
LaTeX Font Info:    Redeclaring font encoding OMS on input line 744.
\macc@depth=\count198
LaTeX Info: Redefining \bmod on input line 905.
LaTeX Info: Redefining \pmod on input line 910.
LaTeX Info: Redefining \smash on input line 940.
LaTeX Info: Redefining \relbar on input line 970.
LaTeX Info: Redefining \Relbar on input line 971.
\c@MaxMatrixCols=\count199
\dotsspace@=\muskip16
\c@parentequation=\count266
\dspbrk@lvl=\count267
\tag@help=\toks17
\row@=\count268
\column@=\count269
\maxfields@=\count270
\andhelp@=\toks18
\eqnshift@=\dimen142
\alignsep@=\dimen143
\tagshift@=\dimen144
\tagwidth@=\dimen145
\totwidth@=\dimen146
\lineht@=\dimen147
\@envbody=\toks19
\multlinegap=\skip50
\multlinetaggap=\skip51
\mathdisplay@stack=\toks20
LaTeX Info: Redefining \[ on input line 2953.
LaTeX Info: Redefining \] on input line 2954.
) (c:/Users/Guillermo/AppData/Roaming/TinyTeX/texmf-dist/tex/latex/amsfonts/amssymb.sty
Package: amssymb 2013/01/14 v3.01 AMS font symbols
(c:/Users/Guillermo/AppData/Roaming/TinyTeX/texmf-dist/tex/latex/amsfonts/amsfonts.sty
Package: amsfonts 2013/01/14 v3.01 Basic AMSFonts support
\symAMSa=\mathgroup4
\symAMSb=\mathgroup5
LaTeX Font Info:    Redeclaring math symbol \hbar on input line 98.
LaTeX Font Info:    Overwriting math alphabet `\mathfrak' in version `bold'
(Font)                  U/euf/m/n --> U/euf/b/n on input line 106.
)) (c:/Users/Guillermo/AppData/Roaming/TinyTeX/texmf-dist/tex/latex/lm/lmodern.sty
Package: lmodern 2015/05/01 v1.6.1 Latin Modern Fonts
LaTeX Font Info:    Overwriting symbol font `operators' in version `normal'
(Font)                  OT1/cmr/m/n --> OT1/lmr/m/n on input line 22.
LaTeX Font Info:    Overwriting symbol font `letters' in version `normal'
(Font)                  OML/cmm/m/it --> OML/lmm/m/it on input line 23.
LaTeX Font Info:    Overwriting symbol font `symbols' in version `normal'
(Font)                  OMS/cmsy/m/n --> OMS/lmsy/m/n on input line 24.
LaTeX Font Info:    Overwriting symbol font `largesymbols' in version `normal'
(Font)                  OMX/cmex/m/n --> OMX/lmex/m/n on input line 25.
LaTeX Font Info:    Overwriting symbol font `operators' in version `bold'
(Font)                  OT1/cmr/bx/n --> OT1/lmr/bx/n on input line 26.
LaTeX Font Info:    Overwriting symbol font `letters' in version `bold'
(Font)                  OML/cmm/b/it --> OML/lmm/b/it on input line 27.
LaTeX Font Info:    Overwriting symbol font `symbols' in version `bold'
(Font)                  OMS/cmsy/b/n --> OMS/lmsy/b/n on input line 28.
LaTeX Font Info:    Overwriting symbol font `largesymbols' in version `bold'
(Font)                  OMX/cmex/m/n --> OMX/lmex/m/n on input line 29.
LaTeX Font Info:    Overwriting math alphabet `\mathbf' in version `normal'
(Font)                  OT1/cmr/bx/n --> OT1/lmr/bx/n on input line 31.
LaTeX Font Info:    Overwriting math alphabet `\mathsf' in version `normal'
(Font)                  OT1/cmss/m/n --> OT1/lmss/m/n on input line 32.
LaTeX Font Info:    Overwriting math alphabet `\mathit' in version `normal'
(Font)                  OT1/cmr/m/it --> OT1/lmr/m/it on input line 33.
LaTeX Font Info:    Overwriting math alphabet `\mathtt' in version `normal'
(Font)                  OT1/cmtt/m/n --> OT1/lmtt/m/n on input line 34.
LaTeX Font Info:    Overwriting math alphabet `\mathbf' in version `bold'
(Font)                  OT1/cmr/bx/n --> OT1/lmr/bx/n on input line 35.
LaTeX Font Info:    Overwriting math alphabet `\mathsf' in version `bold'
(Font)                  OT1/cmss/bx/n --> OT1/lmss/bx/n on input line 36.
LaTeX Font Info:    Overwriting math alphabet `\mathit' in version `bold'
(Font)                  OT1/cmr/bx/it --> OT1/lmr/bx/it on input line 37.
LaTeX Font Info:    Overwriting math alphabet `\mathtt' in version `bold'
(Font)                  OT1/cmtt/m/n --> OT1/lmtt/m/n on input line 38.
) (c:/Users/Guillermo/AppData/Roaming/TinyTeX/texmf-dist/tex/generic/iftex/iftex.sty
Package: iftex 2022/02/03 v1.0f TeX engine tests
) (c:/Users/Guillermo/AppData/Roaming/TinyTeX/texmf-dist/tex/latex/base/fontenc.sty
Package: fontenc 2021/04/29 v2.0v Standard LaTeX package
LaTeX Font Info:    Trying to load font information for T1+lmr on input line 112.
(c:/Users/Guillermo/AppData/Roaming/TinyTeX/texmf-dist/tex/latex/lm/t1lmr.fd
File: t1lmr.fd 2015/05/01 v1.6.1 Font defs for Latin Modern
)) (c:/Users/Guillermo/AppData/Roaming/TinyTeX/texmf-dist/tex/latex/base/inputenc.sty
Package: inputenc 2021/02/14 v1.3d Input encoding file
\inpenc@prehook=\toks21
\inpenc@posthook=\toks22
) (c:/Users/Guillermo/AppData/Roaming/TinyTeX/texmf-dist/tex/latex/base/textcomp.sty
Package: textcomp 2020/02/02 v2.0n Standard LaTeX package
) (c:/Users/Guillermo/AppData/Roaming/TinyTeX/texmf-dist/tex/latex/xcolor/xcolor.sty
Package: xcolor 2022/06/12 v2.14 LaTeX color extensions (UK)
(c:/Users/Guillermo/AppData/Roaming/TinyTeX/texmf-dist/tex/latex/graphics-cfg/color.cfg
File: color.cfg 2016/01/02 v1.6 sample color configuration
)
Package xcolor Info: Driver file: pdftex.def on input line 227.
(c:/Users/Guillermo/AppData/Roaming/TinyTeX/texmf-dist/tex/latex/graphics-def/pdftex.def
File: pdftex.def 2020/10/05 v1.2a Graphics/color driver for pdftex
) (c:/Users/Guillermo/AppData/Roaming/TinyTeX/texmf-dist/tex/latex/graphics/mathcolor.ltx)
Package xcolor Info: Model `cmy' substituted by `cmy0' on input line 1353.
Package xcolor Info: Model `hsb' substituted by `rgb' on input line 1357.
Package xcolor Info: Model `RGB' extended on input line 1369.
Package xcolor Info: Model `HTML' substituted by `rgb' on input line 1371.
Package xcolor Info: Model `Hsb' substituted by `hsb' on input line 1372.
Package xcolor Info: Model `tHsb' substituted by `hsb' on input line 1373.
Package xcolor Info: Model `HSB' substituted by `hsb' on input line 1374.
Package xcolor Info: Model `Gray' substituted by `gray' on input line 1375.
Package xcolor Info: Model `wave' substituted by `hsb' on input line 1376.
(c:/Users/Guillermo/AppData/Roaming/TinyTeX/texmf-dist/tex/latex/graphics/dvipsnam.def
File: dvipsnam.def 2016/06/17 v3.0m Driver-dependent file (DPC,SPQR)
) (c:/Users/Guillermo/AppData/Roaming/TinyTeX/texmf-dist/tex/latex/xcolor/svgnam.def
File: svgnam.def 2022/06/12 v2.14 Predefined colors according to SVG 1.1 (UK)
) (c:/Users/Guillermo/AppData/Roaming/TinyTeX/texmf-dist/tex/latex/xcolor/x11nam.def
File: x11nam.def 2022/06/12 v2.14 Predefined colors according to Unix/X11 (UK)
)) (c:/Users/Guillermo/AppData/Roaming/TinyTeX/texmf-dist/tex/latex/hyperref/hyperref.sty
Package: hyperref 2022-06-20 v7.00s Hypertext links for LaTeX
(c:/Users/Guillermo/AppData/Roaming/TinyTeX/texmf-dist/tex/generic/ltxcmds/ltxcmds.sty
Package: ltxcmds 2020-05-10 v1.25 LaTeX kernel commands for general use (HO)
) (c:/Users/Guillermo/AppData/Roaming/TinyTeX/texmf-dist/tex/generic/pdftexcmds/pdftexcmds.sty
Package: pdftexcmds 2020-06-27 v0.33 Utility functions of pdfTeX for LuaTeX (HO)
(c:/Users/Guillermo/AppData/Roaming/TinyTeX/texmf-dist/tex/generic/infwarerr/infwarerr.sty
Package: infwarerr 2019/12/03 v1.5 Providing info/warning/error messages (HO)
)
Package pdftexcmds Info: \pdf@primitive is available.
Package pdftexcmds Info: \pdf@ifprimitive is available.
Package pdftexcmds Info: \pdfdraftmode found.
) (c:/Users/Guillermo/AppData/Roaming/TinyTeX/texmf-dist/tex/latex/graphics/keyval.sty
Package: keyval 2022/05/29 v1.15 key=value parser (DPC)
\KV@toks@=\toks23
) (c:/Users/Guillermo/AppData/Roaming/TinyTeX/texmf-dist/tex/generic/kvsetkeys/kvsetkeys.sty
Package: kvsetkeys 2019/12/15 v1.18 Key value parser (HO)
) (c:/Users/Guillermo/AppData/Roaming/TinyTeX/texmf-dist/tex/generic/kvdefinekeys/kvdefinekeys.sty
Package: kvdefinekeys 2019-12-19 v1.6 Define keys (HO)
) (c:/Users/Guillermo/AppData/Roaming/TinyTeX/texmf-dist/tex/generic/pdfescape/pdfescape.sty
Package: pdfescape 2019/12/09 v1.15 Implements pdfTeX's escape features (HO)
) (c:/Users/Guillermo/AppData/Roaming/TinyTeX/texmf-dist/tex/latex/hycolor/hycolor.sty
Package: hycolor 2020-01-27 v1.10 Color options for hyperref/bookmark (HO)
) (c:/Users/Guillermo/AppData/Roaming/TinyTeX/texmf-dist/tex/latex/letltxmacro/letltxmacro.sty
Package: letltxmacro 2019/12/03 v1.6 Let assignment for LaTeX macros (HO)
) (c:/Users/Guillermo/AppData/Roaming/TinyTeX/texmf-dist/tex/latex/auxhook/auxhook.sty
Package: auxhook 2019-12-17 v1.6 Hooks for auxiliary files (HO)
) (c:/Users/Guillermo/AppData/Roaming/TinyTeX/texmf-dist/tex/latex/hyperref/nameref.sty
Package: nameref 2022-05-17 v2.50 Cross-referencing by name of section
(c:/Users/Guillermo/AppData/Roaming/TinyTeX/texmf-dist/tex/latex/refcount/refcount.sty
Package: refcount 2019/12/15 v3.6 Data extraction from label references (HO)
) (c:/Users/Guillermo/AppData/Roaming/TinyTeX/texmf-dist/tex/generic/gettitlestring/gettitlestring.sty
Package: gettitlestring 2019/12/15 v1.6 Cleanup title references (HO)
(c:/Users/Guillermo/AppData/Roaming/TinyTeX/texmf-dist/tex/latex/kvoptions/kvoptions.sty
Package: kvoptions 2022-06-15 v3.15 Key value format for package options (HO)
))
\c@section@level=\count271
)
\@linkdim=\dimen148
\Hy@linkcounter=\count272
\Hy@pagecounter=\count273
(c:/Users/Guillermo/AppData/Roaming/TinyTeX/texmf-dist/tex/latex/hyperref/pd1enc.def
File: pd1enc.def 2022-06-20 v7.00s Hyperref: PDFDocEncoding definition (HO)
Now handling font encoding PD1 ...
... no UTF-8 mapping file for font encoding PD1
) (c:/Users/Guillermo/AppData/Roaming/TinyTeX/texmf-dist/tex/generic/intcalc/intcalc.sty
Package: intcalc 2019/12/15 v1.3 Expandable calculations with integers (HO)
) (c:/Users/Guillermo/AppData/Roaming/TinyTeX/texmf-dist/tex/generic/etexcmds/etexcmds.sty
Package: etexcmds 2019/12/15 v1.7 Avoid name clashes with e-TeX commands (HO)
)
\Hy@SavedSpaceFactor=\count274
(c:/Users/Guillermo/AppData/Roaming/TinyTeX/texmf-dist/tex/latex/hyperref/puenc.def
File: puenc.def 2022-06-20 v7.00s Hyperref: PDF Unicode definition (HO)
Now handling font encoding PU ...
... no UTF-8 mapping file for font encoding PU
)
Package hyperref Info: Option `unicode' set `true' on input line 4045.
Package hyperref Info: Hyper figures OFF on input line 4162.
Package hyperref Info: Link nesting OFF on input line 4167.
Package hyperref Info: Hyper index ON on input line 4170.
Package hyperref Info: Plain pages OFF on input line 4177.
Package hyperref Info: Backreferencing OFF on input line 4182.
Package hyperref Info: Implicit mode ON; LaTeX internals redefined.
Package hyperref Info: Bookmarks ON on input line 4408.
\c@Hy@tempcnt=\count275
(c:/Users/Guillermo/AppData/Roaming/TinyTeX/texmf-dist/tex/latex/url/url.sty
\Urlmuskip=\muskip17
Package: url 2013/09/16  ver 3.4  Verb mode for urls, etc.
)
LaTeX Info: Redefining \url on input line 4746.
\XeTeXLinkMargin=\dimen149
(c:/Users/Guillermo/AppData/Roaming/TinyTeX/texmf-dist/tex/generic/bitset/bitset.sty
Package: bitset 2019/12/09 v1.3 Handle bit-vector datatype (HO)
(c:/Users/Guillermo/AppData/Roaming/TinyTeX/texmf-dist/tex/generic/bigintcalc/bigintcalc.sty
Package: bigintcalc 2019/12/15 v1.5 Expandable calculations on big integers (HO)
))
\Fld@menulength=\count276
\Field@Width=\dimen150
\Fld@charsize=\dimen151
Package hyperref Info: Hyper figures OFF on input line 6024.
Package hyperref Info: Link nesting OFF on input line 6029.
Package hyperref Info: Hyper index ON on input line 6032.
Package hyperref Info: backreferencing OFF on input line 6039.
Package hyperref Info: Link coloring OFF on input line 6044.
Package hyperref Info: Link coloring with OCG OFF on input line 6049.
Package hyperref Info: PDF/A mode OFF on input line 6054.
(c:/Users/Guillermo/AppData/Roaming/TinyTeX/texmf-dist/tex/latex/base/atbegshi-ltx.sty
Package: atbegshi-ltx 2021/01/10 v1.0c Emulation of the original atbegshi
package with kernel methods
)
\Hy@abspage=\count277
\c@Item=\count278
\c@Hfootnote=\count279
)
Package hyperref Info: Driver (autodetected): hpdftex.
(c:/Users/Guillermo/AppData/Roaming/TinyTeX/texmf-dist/tex/latex/hyperref/hpdftex.def
File: hpdftex.def 2022-06-20 v7.00s Hyperref driver for pdfTeX
(c:/Users/Guillermo/AppData/Roaming/TinyTeX/texmf-dist/tex/latex/base/atveryend-ltx.sty
Package: atveryend-ltx 2020/08/19 v1.0a Emulation of the original atveryend package
with kernel methods
)
\Fld@listcount=\count280
\c@bookmark@seq@number=\count281
(c:/Users/Guillermo/AppData/Roaming/TinyTeX/texmf-dist/tex/latex/rerunfilecheck/rerunfilecheck.sty
Package: rerunfilecheck 2022-07-10 v1.10 Rerun checks for auxiliary files (HO)
(c:/Users/Guillermo/AppData/Roaming/TinyTeX/texmf-dist/tex/generic/uniquecounter/uniquecounter.sty
Package: uniquecounter 2019/12/15 v1.4 Provide unlimited unique counter (HO)
)
Package uniquecounter Info: New unique counter `rerunfilecheck' on input line 285.
)
\Hy@SectionHShift=\skip52
)
Package hyperref Info: Option `colorlinks' set `true' on input line 51.
(c:/Users/Guillermo/AppData/Roaming/TinyTeX/texmf-dist/tex/latex/geometry/geometry.sty
Package: geometry 2020/01/02 v5.9 Page Geometry
(c:/Users/Guillermo/AppData/Roaming/TinyTeX/texmf-dist/tex/generic/iftex/ifvtex.sty
Package: ifvtex 2019/10/25 v1.7 ifvtex legacy package. Use iftex instead.
)
\Gm@cnth=\count282
\Gm@cntv=\count283
\c@Gm@tempcnt=\count284
\Gm@bindingoffset=\dimen152
\Gm@wd@mp=\dimen153
\Gm@odd@mp=\dimen154
\Gm@even@mp=\dimen155
\Gm@layoutwidth=\dimen156
\Gm@layoutheight=\dimen157
\Gm@layouthoffset=\dimen158
\Gm@layoutvoffset=\dimen159
\Gm@dimlist=\toks24
) (c:/Users/Guillermo/AppData/Roaming/TinyTeX/texmf-dist/tex/latex/fancyvrb/fancyvrb.sty
Package: fancyvrb 2022/06/06 4.5 verbatim text (tvz,hv)
\FV@CodeLineNo=\count285
\FV@InFile=\read2
\FV@TabBox=\box53
\c@FancyVerbLine=\count286
\FV@StepNumber=\count287
\FV@OutFile=\write3
) (c:/Users/Guillermo/AppData/Roaming/TinyTeX/texmf-dist/tex/latex/framed/framed.sty
Package: framed 2011/10/22 v 0.96: framed or shaded text with page breaks
\OuterFrameSep=\skip53
\fb@frw=\dimen160
\fb@frh=\dimen161
\FrameRule=\dimen162
\FrameSep=\dimen163
) (c:/Users/Guillermo/AppData/Roaming/TinyTeX/texmf-dist/tex/latex/tools/longtable.sty
Package: longtable 2021-09-01 v4.17 Multi-page Table package (DPC)
\LTleft=\skip54
\LTright=\skip55
\LTpre=\skip56
\LTpost=\skip57
\LTchunksize=\count288
\LTcapwidth=\dimen164
\LT@head=\box54
\LT@firsthead=\box55
\LT@foot=\box56
\LT@lastfoot=\box57
\LT@gbox=\box58
\LT@cols=\count289
\LT@rows=\count290
\c@LT@tables=\count291
\c@LT@chunks=\count292
\LT@p@ftn=\toks25
) (c:/Users/Guillermo/AppData/Roaming/TinyTeX/texmf-dist/tex/latex/booktabs/booktabs.sty
Package: booktabs 2020/01/12 v1.61803398 Publication quality tables
\heavyrulewidth=\dimen165
\lightrulewidth=\dimen166
\cmidrulewidth=\dimen167
\belowrulesep=\dimen168
\belowbottomsep=\dimen169
\aboverulesep=\dimen170
\abovetopsep=\dimen171
\cmidrulesep=\dimen172
\cmidrulekern=\dimen173
\defaultaddspace=\dimen174
\@cmidla=\count293
\@cmidlb=\count294
\@aboverulesep=\dimen175
\@belowrulesep=\dimen176
\@thisruleclass=\count295
\@lastruleclass=\count296
\@thisrulewidth=\dimen177
) (c:/Users/Guillermo/AppData/Roaming/TinyTeX/texmf-dist/tex/latex/tools/array.sty
Package: array 2022/03/10 v2.5f Tabular extension package (FMi)
\col@sep=\dimen178
\ar@mcellbox=\box59
\extrarowheight=\dimen179
\NC@list=\toks26
\extratabsurround=\skip58
\backup@length=\skip59
\ar@cellbox=\box60
) (c:/Users/Guillermo/AppData/Roaming/TinyTeX/texmf-dist/tex/latex/tools/calc.sty
Package: calc 2017/05/25 v4.3 Infix arithmetic (KKT,FJ)
\calc@Acount=\count297
\calc@Bcount=\count298
\calc@Adimen=\dimen180
\calc@Bdimen=\dimen181
\calc@Askip=\skip60
\calc@Bskip=\skip61
LaTeX Info: Redefining \setlength on input line 80.
LaTeX Info: Redefining \addtolength on input line 81.
\calc@Ccount=\count299
\calc@Cskip=\skip62
) (c:/Users/Guillermo/AppData/Roaming/TinyTeX/texmf-dist/tex/latex/etoolbox/etoolbox.sty
Package: etoolbox 2020/10/05 v2.5k e-TeX tools for LaTeX (JAW)
\etb@tempcnta=\count300
) (c:/Users/Guillermo/AppData/Roaming/TinyTeX/texmf-dist/tex/latex/mdwtools/footnote.sty
Package: footnote 1997/01/28 1.13 Save footnotes around boxes
\fn@notes=\box61
\fn@width=\dimen182
) (c:/Users/Guillermo/AppData/Roaming/TinyTeX/texmf-dist/tex/latex/graphics/graphicx.sty
Package: graphicx 2021/09/16 v1.2d Enhanced LaTeX Graphics (DPC,SPQR)
(c:/Users/Guillermo/AppData/Roaming/TinyTeX/texmf-dist/tex/latex/graphics/graphics.sty
Package: graphics 2022/03/10 v1.4e Standard LaTeX Graphics (DPC,SPQR)
(c:/Users/Guillermo/AppData/Roaming/TinyTeX/texmf-dist/tex/latex/graphics/trig.sty
Package: trig 2021/08/11 v1.11 sin cos tan (DPC)
) (c:/Users/Guillermo/AppData/Roaming/TinyTeX/texmf-dist/tex/latex/graphics-cfg/graphics.cfg
File: graphics.cfg 2016/06/04 v1.11 sample graphics configuration
)
Package graphics Info: Driver file: pdftex.def on input line 107.
)
\Gin@req@height=\dimen183
\Gin@req@width=\dimen184
)
\cslhangindent=\skip63
\csllabelwidth=\skip64
\cslentryspacingunit=\skip65
(c:/Users/Guillermo/AppData/Roaming/TinyTeX/texmf-dist/tex/latex/l3backend/l3backend-pdftex.def
File: l3backend-pdftex.def 2022-08-30 L3 backend support: PDF output (pdfTeX)
\l__color_backend_stack_int=\count301
\l__pdf_internal_box=\box62
) (./01-Complete-script.aux)
\openout1 = `01-Complete-script.aux'.

LaTeX Font Info:    Checking defaults for OML/cmm/m/it on input line 148.
LaTeX Font Info:    ... okay on input line 148.
LaTeX Font Info:    Checking defaults for OMS/cmsy/m/n on input line 148.
LaTeX Font Info:    ... okay on input line 148.
LaTeX Font Info:    Checking defaults for OT1/cmr/m/n on input line 148.
LaTeX Font Info:    ... okay on input line 148.
LaTeX Font Info:    Checking defaults for T1/cmr/m/n on input line 148.
LaTeX Font Info:    ... okay on input line 148.
LaTeX Font Info:    Checking defaults for TS1/cmr/m/n on input line 148.
LaTeX Font Info:    ... okay on input line 148.
LaTeX Font Info:    Checking defaults for OMX/cmex/m/n on input line 148.
LaTeX Font Info:    ... okay on input line 148.
LaTeX Font Info:    Checking defaults for U/cmr/m/n on input line 148.
LaTeX Font Info:    ... okay on input line 148.
LaTeX Font Info:    Checking defaults for PD1/pdf/m/n on input line 148.
LaTeX Font Info:    ... okay on input line 148.
LaTeX Font Info:    Checking defaults for PU/pdf/m/n on input line 148.
LaTeX Font Info:    ... okay on input line 148.
(c:/Users/Guillermo/AppData/Roaming/TinyTeX/texmf-dist/tex/latex/epstopdf-pkg/epstopdf-base.sty
Package: epstopdf-base 2020-01-24 v2.11 Base part for package epstopdf
Package epstopdf-base Info: Redefining graphics rule for `.eps' on input line 485.
(c:/Users/Guillermo/AppData/Roaming/TinyTeX/texmf-dist/tex/latex/latexconfig/epstopdf-sys.cfg
File: epstopdf-sys.cfg 2010/07/13 v1.3 Configuration of (r)epstopdf for TeX Live
))
Package hyperref Info: Link coloring ON on input line 148.
(./01-Complete-script.out) (./01-Complete-script.out)
\@outlinefile=\write4
\openout4 = `01-Complete-script.out'.

*geometry* driver: auto-detecting
*geometry* detected driver: pdftex
*geometry* verbose mode - [ preamble ] result:
* driver: pdftex
* paper: <default>
* layout: <same size as paper>
* layoutoffset:(h,v)=(0.0pt,0.0pt)
* modes: 
* h-part:(L,W,R)=(72.26999pt, 469.75502pt, 72.26999pt)
* v-part:(T,H,B)=(72.26999pt, 650.43001pt, 72.26999pt)
* \paperwidth=614.295pt
* \paperheight=794.96999pt
* \textwidth=469.75502pt
* \textheight=650.43001pt
* \oddsidemargin=0.0pt
* \evensidemargin=0.0pt
* \topmargin=-37.0pt
* \headheight=12.0pt
* \headsep=25.0pt
* \topskip=10.0pt
* \footskip=30.0pt
* \marginparwidth=65.0pt
* \marginparsep=11.0pt
* \columnsep=10.0pt
* \skip\footins=9.0pt plus 4.0pt minus 2.0pt
* \hoffset=0.0pt
* \voffset=0.0pt
* \mag=1000
* \@twocolumnfalse
* \@twosidefalse
* \@mparswitchfalse
* \@reversemarginfalse
* (1in=72.27pt=25.4mm, 1cm=28.453pt)

LaTeX Font Info:    Trying to load font information for OT1+lmr on input line 150.
(c:/Users/Guillermo/AppData/Roaming/TinyTeX/texmf-dist/tex/latex/lm/ot1lmr.fd
File: ot1lmr.fd 2015/05/01 v1.6.1 Font defs for Latin Modern
)
LaTeX Font Info:    Trying to load font information for OML+lmm on input line 150.
(c:/Users/Guillermo/AppData/Roaming/TinyTeX/texmf-dist/tex/latex/lm/omllmm.fd
File: omllmm.fd 2015/05/01 v1.6.1 Font defs for Latin Modern
)
LaTeX Font Info:    Trying to load font information for OMS+lmsy on input line 150.
(c:/Users/Guillermo/AppData/Roaming/TinyTeX/texmf-dist/tex/latex/lm/omslmsy.fd
File: omslmsy.fd 2015/05/01 v1.6.1 Font defs for Latin Modern
)
LaTeX Font Info:    Trying to load font information for OMX+lmex on input line 150.
(c:/Users/Guillermo/AppData/Roaming/TinyTeX/texmf-dist/tex/latex/lm/omxlmex.fd
File: omxlmex.fd 2015/05/01 v1.6.1 Font defs for Latin Modern
)
LaTeX Font Info:    External font `lmex10' loaded for size
(Font)              <12> on input line 150.
LaTeX Font Info:    External font `lmex10' loaded for size
(Font)              <8> on input line 150.
LaTeX Font Info:    External font `lmex10' loaded for size
(Font)              <6> on input line 150.
LaTeX Font Info:    Trying to load font information for U+msa on input line 150.
(c:/Users/Guillermo/AppData/Roaming/TinyTeX/texmf-dist/tex/latex/amsfonts/umsa.fd
File: umsa.fd 2013/01/14 v3.01 AMS symbols A
)
LaTeX Font Info:    Trying to load font information for U+msb on input line 150.
(c:/Users/Guillermo/AppData/Roaming/TinyTeX/texmf-dist/tex/latex/amsfonts/umsb.fd
File: umsb.fd 2013/01/14 v3.01 AMS symbols B
)
LaTeX Font Info:    Trying to load font information for TS1+lmr on input line 158.
(c:/Users/Guillermo/AppData/Roaming/TinyTeX/texmf-dist/tex/latex/lm/ts1lmr.fd
File: ts1lmr.fd 2015/05/01 v1.6.1 Font defs for Latin Modern
)
LaTeX Font Info:    External font `lmex10' loaded for size
(Font)              <10> on input line 158.
LaTeX Font Info:    External font `lmex10' loaded for size
(Font)              <7> on input line 158.
LaTeX Font Info:    External font `lmex10' loaded for size
(Font)              <5> on input line 158.

Underfull \hbox (badness 10000) in paragraph at lines 158--160

 []

[1

{c:/Users/Guillermo/AppData/Roaming/TinyTeX/texmf-var/fonts/map/pdftex/updmap/pdftex.map}] [2]
LaTeX Font Info:    Trying to load font information for T1+lmtt on input line 340.
(c:/Users/Guillermo/AppData/Roaming/TinyTeX/texmf-dist/tex/latex/lm/t1lmtt.fd
File: t1lmtt.fd 2015/05/01 v1.6.1 Font defs for Latin Modern
)
LaTeX Font Info:    Font shape `T1/lmtt/bx/n' in size <10> not available
(Font)              Font shape `T1/lmtt/b/n' tried instead on input line 346.

Overfull \hbox (7.99359pt too wide) in paragraph at lines 394--394
[]\T1/lmtt/m/n/10 ##  [8] "dplyr"     "purrr"     "readr"     "tidyr"     "tibble"    "ggplot2"   "tidyverse"[] 
 []


Overfull \hbox (7.99359pt too wide) in paragraph at lines 394--394
[]\T1/lmtt/m/n/10 ##  [8] "dplyr"     "purrr"     "readr"     "tidyr"     "tibble"    "ggplot2"   "tidyverse"[] 
 []


Overfull \hbox (7.99359pt too wide) in paragraph at lines 394--394
[]\T1/lmtt/m/n/10 ##  [8] "dplyr"     "purrr"     "readr"     "tidyr"     "tibble"    "ggplot2"   "tidyverse"[] 
 []


Overfull \hbox (7.99359pt too wide) in paragraph at lines 394--394
[]\T1/lmtt/m/n/10 ##  [8] "dplyr"     "purrr"     "readr"     "tidyr"     "tibble"    "ggplot2"   "tidyverse"[] 
 []


Overfull \hbox (7.99359pt too wide) in paragraph at lines 394--394
[]\T1/lmtt/m/n/10 ##  [8] "dplyr"     "purrr"     "readr"     "tidyr"     "tibble"    "ggplot2"   "tidyverse"[] 
 []


Overfull \hbox (7.99359pt too wide) in paragraph at lines 394--394
[]\T1/lmtt/m/n/10 ##  [8] "dplyr"     "purrr"     "readr"     "tidyr"     "tibble"    "ggplot2"   "tidyverse"[] 
 []

[3] [4] [5]
<01-Complete-script_files/figure-latex/Baggolini scatter plot-1.pdf, id=229, 469.755pt x 325.215pt>
File: 01-Complete-script_files/figure-latex/Baggolini scatter plot-1.pdf Graphic file (type pdf)
<use 01-Complete-script_files/figure-latex/Baggolini scatter plot-1.pdf>
Package pdftex.def Info: 01-Complete-script_files/figure-latex/Baggolini scatter plot-1.pdf  used on input line 604.
(pdftex.def)             Requested size: 469.75386pt x 325.2142pt.
[6]
<01-Complete-script_files/figure-latex/Histogramm of flake weight-1.pdf, id=234, 469.755pt x 180.675pt>
File: 01-Complete-script_files/figure-latex/Histogramm of flake weight-1.pdf Graphic file (type pdf)
<use 01-Complete-script_files/figure-latex/Histogramm of flake weight-1.pdf>
Package pdftex.def Info: 01-Complete-script_files/figure-latex/Histogramm of flake weight-1.pdf  used on input line 623.
(pdftex.def)             Requested size: 469.75386pt x 180.67455pt.
[7 <./01-Complete-script_files/figure-latex/Baggolini scatter plot-1.pdf>]
Underfull \hbox (badness 10000) in paragraph at lines 645--649

 []


Underfull \hbox (badness 10000) in paragraph at lines 649--652

 []


Underfull \hbox (badness 10000) in paragraph at lines 652--655

 []


Underfull \hbox (badness 10000) in paragraph at lines 655--662

 []


Underfull \hbox (badness 10000) in paragraph at lines 662--666

 []


Underfull \hbox (badness 10000) in paragraph at lines 666--670

 []

[8 <./01-Complete-script_files/figure-latex/Histogramm of flake weight-1.pdf>]
<Figures/Flake measures.png, id=289, 2218.689pt x 1623.666pt>
File: Figures/Flake measures.png Graphic file (type png)
<use Figures/Flake measures.png>
Package pdftex.def Info: Figures/Flake measures.png  used on input line 718.
(pdftex.def)             Requested size: 469.73015pt x 343.75473pt.
<Figures/Fig amount of cortex.jpg, id=291, 1484.21931pt x 360.52406pt>
File: Figures/Fig amount of cortex.jpg Graphic file (type jpg)
<use Figures/Fig amount of cortex.jpg>
Package pdftex.def Info: Figures/Fig amount of cortex.jpg  used on input line 726.
(pdftex.def)             Requested size: 469.751pt x 114.10478pt.
[9 <./Figures/Flake measures.png>]

LaTeX Warning: Command \textperiodcentered invalid in math mode on input line 778.


LaTeX Warning: Command \textperiodcentered invalid in math mode on input line 778.


LaTeX Warning: Command \textperiodcentered invalid in math mode on input line 778.


LaTeX Warning: Command \textperiodcentered invalid in math mode on input line 778.


LaTeX Warning: Command \textperiodcentered invalid in math mode on input line 778.


LaTeX Warning: Command \textperiodcentered invalid in math mode on input line 778.

<Figures/ANN.png, id=308, 718.5801pt x 420.7453pt>
File: Figures/ANN.png Graphic file (type png)
<use Figures/ANN.png>
Package pdftex.def Info: Figures/ANN.png  used on input line 807.
(pdftex.def)             Requested size: 469.75786pt x 275.05411pt.
[10 <./Figures/Fig amount of cortex.jpg>] [11 <./Figures/ANN.png>] [12]

LaTeX Font Warning: Font shape `T1/lmtt/bx/it' in size <10> not available
(Font)              Font shape `T1/lmtt/b/sl' tried instead on input line 976.

[13]
LaTeX Font Info:    Trying to load font information for TS1+lmtt on input line 1100.
(c:/Users/Guillermo/AppData/Roaming/TinyTeX/texmf-dist/tex/latex/lm/ts1lmtt.fd
File: ts1lmtt.fd 2015/05/01 v1.6.1 Font defs for Latin Modern
) [14]
<01-Complete-script_files/figure-latex/graph of random forest hyperparamters-1.pdf, id=376, 469.755pt x 216.81pt>
File: 01-Complete-script_files/figure-latex/graph of random forest hyperparamters-1.pdf Graphic file (type pdf)
<use 01-Complete-script_files/figure-latex/graph of random forest hyperparamters-1.pdf>
Package pdftex.def Info: 01-Complete-script_files/figure-latex/graph of random forest hyperparamters-1.pdf  used on input line 1145.
(pdftex.def)             Requested size: 469.75386pt x 216.80946pt.
[15 <./01-Complete-script_files/figure-latex/graph of random forest hyperparamters-1.pdf>]
<01-Complete-script_files/figure-latex/Plot of ANN performance for diferent topologies-1.pdf, id=392, 469.755pt x 325.215pt>
File: 01-Complete-script_files/figure-latex/Plot of ANN performance for diferent topologies-1.pdf Graphic file (type pdf)
<use 01-Complete-script_files/figure-latex/Plot of ANN performance for diferent topologies-1.pdf>
Package pdftex.def Info: 01-Complete-script_files/figure-latex/Plot of ANN performance for diferent topologies-1.pdf  used on input line 1172.
(pdftex.def)             Requested size: 469.75386pt x 325.2142pt.
[16 <./01-Complete-script_files/figure-latex/Plot of ANN performance for diferent topologies-1.pdf>] [17]
<01-Complete-script_files/figure-latex/Regression plots of all models-1.pdf, id=411, 867.24pt x 325.215pt>
File: 01-Complete-script_files/figure-latex/Regression plots of all models-1.pdf Graphic file (type pdf)
<use 01-Complete-script_files/figure-latex/Regression plots of all models-1.pdf>
Package pdftex.def Info: 01-Complete-script_files/figure-latex/Regression plots of all models-1.pdf  used on input line 1271.
(pdftex.def)             Requested size: 469.75827pt x 176.15933pt.
[18 <./01-Complete-script_files/figure-latex/Regression plots of all models-1.pdf>]
<01-Complete-script_files/figure-latex/Plots of observed values and residuals-1.pdf, id=426, 867.24pt x 325.215pt>
File: 01-Complete-script_files/figure-latex/Plots of observed values and residuals-1.pdf Graphic file (type pdf)
<use 01-Complete-script_files/figure-latex/Plots of observed values and residuals-1.pdf>
Package pdftex.def Info: 01-Complete-script_files/figure-latex/Plots of observed values and residuals-1.pdf  used on input line 1316.
(pdftex.def)             Requested size: 469.75827pt x 176.15933pt.
[19 <./01-Complete-script_files/figure-latex/Plots of observed values and residuals-1.pdf>] [20]
<01-Complete-script_files/figure-latex/Density plot of residuals-1.pdf, id=447, 650.43pt x 216.81pt>
File: 01-Complete-script_files/figure-latex/Density plot of residuals-1.pdf Graphic file (type pdf)
<use 01-Complete-script_files/figure-latex/Density plot of residuals-1.pdf>
Package pdftex.def Info: 01-Complete-script_files/figure-latex/Density plot of residuals-1.pdf  used on input line 1440.
(pdftex.def)             Requested size: 469.76817pt x 156.58939pt.

Overfull \hbox (5.12244pt too wide) in paragraph at lines 1487--1488
 []\T1/lmr/m/n/10 1Quantile
 []


Overfull \hbox (8.86363pt too wide) in paragraph at lines 1493--1494
 []\T1/lmr/m/n/10 3Quantile
 []


Overfull \hbox (3.74115pt too wide) in alignment at lines 1478--1500
 [] [] [] [] [] [] [] [] [] 
 []


Overfull \hbox (5.39998pt too wide) in paragraph at lines 1501--1501
 \T1/lmr/m/n/10 0.6952028|
 []


Overfull \hbox (5.39998pt too wide) in paragraph at lines 1501--1501
 \T1/lmr/m/n/10 0.3790468|
 []


Overfull \hbox (5.39998pt too wide) in paragraph at lines 1501--1501
 \T1/lmr/m/n/10 0.1331217|
 []


Overfull \hbox (5.39998pt too wide) in paragraph at lines 1501--1501
 []|\T1/lmr/m/n/10 0.0000595|
 []


Overfull \hbox (9.14117pt too wide) in paragraph at lines 1501--1501
 []|\T1/lmr/m/n/10 0.0240733|
 []


Overfull \hbox (9.14117pt too wide) in paragraph at lines 1502--1502
 []|\T1/lmr/m/n/10 0.1428723|
 []


Overfull \hbox (1.66449pt too wide) in paragraph at lines 1502--1502
 []|\T1/lmr/m/n/10 0.3295823|
 []


Overfull \hbox (9.14117pt too wide) in paragraph at lines 1502--1503
 []|\T1/lmr/m/n/10 0.4993439|
 []


Overfull \hbox (5.39998pt too wide) in paragraph at lines 1503--1503
 \T1/lmr/m/n/10 0.7046012|
 []


Overfull \hbox (5.39998pt too wide) in paragraph at lines 1503--1503
 \T1/lmr/m/n/10 0.3711780|
 []


Overfull \hbox (5.39998pt too wide) in paragraph at lines 1503--1503
 \T1/lmr/m/n/10 0.1368752|
 []


Overfull \hbox (5.39998pt too wide) in paragraph at lines 1504--1504
 \T1/lmr/m/n/10 0.0001095|
 []


Overfull \hbox (9.14117pt too wide) in paragraph at lines 1504--1504
 []|\T1/lmr/m/n/10 0.0204098|
 []


Overfull \hbox (9.14117pt too wide) in paragraph at lines 1504--1504
 []|\T1/lmr/m/n/10 0.1341937|
 []


Overfull \hbox (1.66449pt too wide) in paragraph at lines 1504--1504
 []|\T1/lmr/m/n/10 0.3332873|
 []


Overfull \hbox (9.14117pt too wide) in paragraph at lines 1504--1505
 []|\T1/lmr/m/n/10 0.4823185|
 []


Overfull \hbox (5.39998pt too wide) in paragraph at lines 1505--1505
 \T1/lmr/m/n/10 0.8456258|
 []


Overfull \hbox (5.39998pt too wide) in paragraph at lines 1505--1505
 \T1/lmr/m/n/10 0.4117285|
 []


Overfull \hbox (5.39998pt too wide) in paragraph at lines 1505--1505
 \T1/lmr/m/n/10 0.1383524|
 []


Overfull \hbox (5.39998pt too wide) in paragraph at lines 1505--1505
 []|\T1/lmr/m/n/10 0.0037893|
 []


Overfull \hbox (9.14117pt too wide) in paragraph at lines 1506--1506
 []|\T1/lmr/m/n/10 0.0133008|
 []


Overfull \hbox (9.14117pt too wide) in paragraph at lines 1506--1506
 []|\T1/lmr/m/n/10 0.1773731|
 []


Overfull \hbox (1.66449pt too wide) in paragraph at lines 1506--1506
 []|\T1/lmr/m/n/10 0.3550391|
 []


Overfull \hbox (9.14117pt too wide) in paragraph at lines 1506--1507
 []|\T1/lmr/m/n/10 0.6154902|
 []


Overfull \hbox (3.74115pt too wide) in alignment at lines 1500--1508
 [] [] [] [] [] [] [] [] [] 
 []

[21 <./01-Complete-script_files/figure-latex/Density plot of residuals-1.pdf>]
<01-Complete-script_files/figure-latex/residuals according to termination-1.pdf, id=459, 578.16pt x 216.81pt>
File: 01-Complete-script_files/figure-latex/residuals according to termination-1.pdf Graphic file (type pdf)
<use 01-Complete-script_files/figure-latex/residuals according to termination-1.pdf>
Package pdftex.def Info: 01-Complete-script_files/figure-latex/residuals according to termination-1.pdf  used on input line 1546.
(pdftex.def)             Requested size: 469.75385pt x 176.15768pt.
[22 <./01-Complete-script_files/figure-latex/residuals according to termination-1.pdf>]
Overfull \hbox (91.99335pt too wide) in paragraph at lines 1581--1581
[]\T1/lmtt/m/n/10 ## alternative hypothesis: true difference in means between group Feather and group Other is not equal to 0[] 
 []


Overfull \hbox (91.99335pt too wide) in paragraph at lines 1602--1602
[]\T1/lmtt/m/n/10 ## alternative hypothesis: true difference in means between group Feather and group Other is not equal to 0[] 
 []


Overfull \hbox (91.99335pt too wide) in paragraph at lines 1623--1623
[]\T1/lmtt/m/n/10 ## alternative hypothesis: true difference in means between group Feather and group Other is not equal to 0[] 
 []

[23] [24]
<01-Complete-script_files/figure-latex/unnamed-chunk-8-1.pdf, id=485, 867.24pt x 325.215pt>
File: 01-Complete-script_files/figure-latex/unnamed-chunk-8-1.pdf Graphic file (type pdf)
<use 01-Complete-script_files/figure-latex/unnamed-chunk-8-1.pdf>
Package pdftex.def Info: 01-Complete-script_files/figure-latex/unnamed-chunk-8-1.pdf  used on input line 1708.
(pdftex.def)             Requested size: 469.75827pt x 176.15933pt.
[25 <./01-Complete-script_files/figure-latex/unnamed-chunk-8-1.pdf>]
<01-Complete-script_files/figure-latex/unnamed-chunk-9-1.pdf, id=501, 469.755pt x 325.215pt>
File: 01-Complete-script_files/figure-latex/unnamed-chunk-9-1.pdf Graphic file (type pdf)
<use 01-Complete-script_files/figure-latex/unnamed-chunk-9-1.pdf>
Package pdftex.def Info: 01-Complete-script_files/figure-latex/unnamed-chunk-9-1.pdf  used on input line 1764.
(pdftex.def)             Requested size: 469.75386pt x 325.2142pt.

Overfull \hbox (8.86363pt too wide) in paragraph at lines 1802--1803
 []\T1/lmr/m/n/10 1Quantile
 []


Overfull \hbox (8.86363pt too wide) in paragraph at lines 1808--1809
 []\T1/lmr/m/n/10 3Quantile
 []


Overfull \hbox (4.14117pt too wide) in paragraph at lines 1816--1816
 \T1/lmr/m/n/10 47.08316|
 []


Overfull \hbox (4.14117pt too wide) in paragraph at lines 1816--1816
 \T1/lmr/m/n/10 2.516174|
 []


Overfull \hbox (7.87668pt too wide) in paragraph at lines 1816--1816
 []|\T1/lmr/m/n/10 1.816030|
 []


Overfull \hbox (9.14117pt too wide) in paragraph at lines 1816--1816
 []|\T1/lmr/m/n/10 0.4762883|
 []


Overfull \hbox (4.14117pt too wide) in paragraph at lines 1817--1817
 []|\T1/lmr/m/n/10 5.552758|
 []


Overfull \hbox (4.14117pt too wide) in paragraph at lines 1817--1818
 []|\T1/lmr/m/n/10 84.98876|
 []


Overfull \hbox (4.14117pt too wide) in paragraph at lines 1818--1818
 \T1/lmr/m/n/10 60.22261|
 []


Overfull \hbox (4.14117pt too wide) in paragraph at lines 1818--1818
 \T1/lmr/m/n/10 2.422225|
 []


Overfull \hbox (7.87668pt too wide) in paragraph at lines 1819--1819
 []|\T1/lmr/m/n/10 1.400462|
 []


Overfull \hbox (9.14117pt too wide) in paragraph at lines 1819--1819
 []|\T1/lmr/m/n/10 0.3307878|
 []


Overfull \hbox (4.14117pt too wide) in paragraph at lines 1819--1819
 []|\T1/lmr/m/n/10 5.724842|
 []


Overfull \hbox (4.14117pt too wide) in paragraph at lines 1819--1820
 []|\T1/lmr/m/n/10 55.58517|
 []


Overfull \hbox (4.14117pt too wide) in paragraph at lines 1820--1820
 \T1/lmr/m/n/10 20.06615|
 []


Overfull \hbox (4.14117pt too wide) in paragraph at lines 1820--1820
 \T1/lmr/m/n/10 2.641137|
 []


Overfull \hbox (7.87668pt too wide) in paragraph at lines 1820--1820
 []|\T1/lmr/m/n/10 4.611775|
 []


Overfull \hbox (9.14117pt too wide) in paragraph at lines 1820--1821
 []|\T1/lmr/m/n/10 0.3338027|
 []


Overfull \hbox (4.14117pt too wide) in paragraph at lines 1821--1821
 []|\T1/lmr/m/n/10 7.059517|
 []


Overfull \hbox (9.14117pt too wide) in paragraph at lines 1821--1822
 []|\T1/lmr/m/n/10 152.07560|
 []

[26 <./01-Complete-script_files/figure-latex/unnamed-chunk-9-1.pdf>] [27]
Underfull \vbox (badness 10000) detected at line 1991
 []


Underfull \vbox (badness 10000) detected at line 1991
 []

[28] [29] [30] [31] [32] [33] [34]
<01-Complete-script_files/figure-latex/fig.he5-1.pdf, id=547, 578.16pt x 325.215pt>
File: 01-Complete-script_files/figure-latex/fig.he5-1.pdf Graphic file (type pdf)
<use 01-Complete-script_files/figure-latex/fig.he5-1.pdf>
Package pdftex.def Info: 01-Complete-script_files/figure-latex/fig.he5-1.pdf  used on input line 2338.
(pdftex.def)             Requested size: 469.75385pt x 264.23653pt.
[35 <./01-Complete-script_files/figure-latex/fig.he5-1.pdf>] [36] [37] [38] [39] [40] [41] [42] (./01-Complete-script.aux)
Package rerunfilecheck Info: File `01-Complete-script.out' has not changed.
(rerunfilecheck)             Checksum: FE4DC7677ACCFE0AA3DD3BADFE378275;3227.
 ) 
Here is how much of TeX's memory you used:
 12606 strings out of 477035
 204756 string characters out of 5826398
 581844 words of memory out of 5000000
 33358 multiletter control sequences out of 15000+600000
 520753 words of font info for 73 fonts, out of 8000000 for 9000
 14 hyphenation exceptions out of 8191
 72i,7n,77p,440b,546s stack positions out of 10000i,1000n,20000p,200000b,200000s
{c:/Users/Guillermo/AppData/Roaming/TinyTeX/texmf-dist/fonts/enc/dvips/lm/lm-ts1.enc}{c:/Users/Guillermo/AppData/Roaming/TinyTeX/texmf-dist/fonts/enc/dvips/lm/lm-ec.enc}{c:/Users/Guillermo/AppData/Roaming/TinyTeX/texmf-dist/fonts/enc/dvips/lm/lm-rm.enc}{c:/Users/Guillermo/AppData/Roaming/TinyTeX/texmf-dist/fonts/enc/dvips/lm/lm-mathit.enc}<c:/Users/Guillermo/AppData/Roaming/TinyTeX/texmf-dist/fonts/type1/public/lm/lmbx10.pfb><c:/Users/Guillermo/AppData/Roaming/TinyTeX/texmf-dist/fonts/type1/public/lm/lmbx12.pfb><c:/Users/Guillermo/AppData/Roaming/TinyTeX/texmf-dist/fonts/type1/public/lm/lmmi10.pfb><c:/Users/Guillermo/AppData/Roaming/TinyTeX/texmf-dist/fonts/type1/public/lm/lmmi7.pfb><c:/Users/Guillermo/AppData/Roaming/TinyTeX/texmf-dist/fonts/type1/public/lm/lmr10.pfb><c:/Users/Guillermo/AppData/Roaming/TinyTeX/texmf-dist/fonts/type1/public/lm/lmr12.pfb><c:/Users/Guillermo/AppData/Roaming/TinyTeX/texmf-dist/fonts/type1/public/lm/lmr17.pfb><c:/Users/Guillermo/AppData/Roaming/TinyTeX/texmf-dist/fonts/type1/public/lm/lmr7.pfb><c:/Users/Guillermo/AppData/Roaming/TinyTeX/texmf-dist/fonts/type1/public/lm/lmri10.pfb><c:/Users/Guillermo/AppData/Roaming/TinyTeX/texmf-dist/fonts/type1/public/lm/lmtk10.pfb><c:/Users/Guillermo/AppData/Roaming/TinyTeX/texmf-dist/fonts/type1/public/lm/lmtko10.pfb><c:/Users/Guillermo/AppData/Roaming/TinyTeX/texmf-dist/fonts/type1/public/lm/lmtt10.pfb><c:/Users/Guillermo/AppData/Roaming/TinyTeX/texmf-dist/fonts/type1/public/lm/lmtti10.pfb>
Output written on 01-Complete-script.pdf (42 pages, 9298667 bytes).
PDF statistics:
 847 PDF objects out of 1000 (max. 8388607)
 739 compressed objects within 8 object streams
 160 named destinations out of 1000 (max. 500000)
 223 words of extra memory for PDF output out of 10000 (max. 10000000)

